<?xml version="1.0" encoding="UTF-8"?>
<testsuite xmlns:xsi="http://www.w3.org/2001/XMLSchema-instance" xsi:noNamespaceSchemaLocation="https://maven.apache.org/surefire/maven-surefire-plugin/xsd/surefire-test-report-3.0.xsd" version="3.0" name="SudokuBoardTest" time="0.023" tests="5" errors="0" skipped="0" failures="0">
  <properties>
[...]
</properties>
  <testcase name="getAndSetTest" classname="SudokuBoardTest" time="0.002"/>
  <testcase name="equalsTest" classname="SudokuBoardTest" time="0"/>
  <testcase name="toStringTest" classname="SudokuBoardTest" time="0.013"/>
  <testcase name="checkValidTest" classname="SudokuBoardTest" time="0.002"/>
  <testcase name="ConstructorTest" classname="SudokuBoardTest" time="0"/>
</testsuite>