<?xml version="1.0" encoding="UTF-8"?>
<testsuite xmlns:xsi="http://www.w3.org/2001/XMLSchema-instance" xsi:noNamespaceSchemaLocation="https://maven.apache.org/surefire/maven-surefire-plugin/xsd/surefire-test-report-3.0.xsd" version="3.0" name="SudokuBoardTest" time="0.061" tests="7" errors="0" skipped="0" failures="0">
  <properties>
[...]
</properties>
  <testcase name="getRowTest" classname="SudokuBoardTest" time="0.008"/>
  <testcase name="getAndSetTest" classname="SudokuBoardTest" time="0.008"/>
  <testcase name="toStringTest" classname="SudokuBoardTest" time="0.021"/>
  <testcase name="checkValidTest" classname="SudokuBoardTest" time="0.004"/>
  <testcase name="getBoxTest" classname="SudokuBoardTest" time="0.003"/>
  <testcase name="ConstructorTest" classname="SudokuBoardTest" time="0.002"/>
  <testcase name="getColumnTest" classname="SudokuBoardTest" time="0.003"/>
</testsuite>