GROUP,PACKAGE,CLASS,INSTRUCTION_MISSED,INSTRUCTION_COVERED,BRANCH_MISSED,BRANCH_COVERED,LINE_MISSED,LINE_COVERED,COMPLEXITY_MISSED,COMPLEXITY_COVERED,METHOD_MISSED,METHOD_COVERED
untitled,default,SudokuMethods,0,62,0,8,0,12,0,7,0,3
untitled,default,SudokuField,0,24,0,4,0,10,0,6,0,4
untitled,default,SudokuBoard,0,349,0,44,0,51,0,31,0,9
untitled,default,SudokuBox,0,4,0,0,0,2,0,1,0,1
untitled,default,SudokuColumn,0,4,0,0,0,2,0,1,0,1
untitled,default,BacktrackingSudokuSolver,0,249,0,32,0,46,0,19,0,3
untitled,default,SudokuRow,0,4,0,0,0,2,0,1,0,1
